This file contains any messages produced by compilers while
running configure, to aid debugging if configure makes a mistake.

It was created by rdesktop configure 1.7.1, which was
generated by GNU Autoconf 2.66.  Invocation command line was

  $ ./configure --prefix=/home/zhongbin/programs/rdesktop-test

## --------- ##
## Platform. ##
## --------- ##

hostname = perth
uname -m = x86_64
uname -r = 2.6.32-358.el6.x86_64
uname -s = Linux
uname -v = #1 SMP Fri Feb 22 00:31:26 UTC 2013

/usr/bin/uname -p = unknown
/bin/uname -X     = unknown

/bin/arch              = x86_64
/usr/bin/arch -k       = unknown
/usr/convex/getsysinfo = unknown
/usr/bin/hostinfo      = unknown
/bin/machine           = unknown
/usr/bin/oslevel       = unknown
/bin/universe          = unknown

PATH: /usr/lib64/qt-3.3/bin
PATH: /usr/local/bin
PATH: /usr/bin
PATH: /bin
PATH: /usr/local/sbin
PATH: /usr/sbin
PATH: /sbin
PATH: /home/zhongbin/programs/understand/scitools/bin/linux64/
PATH: /home/zhongbin/bin


## ----------- ##
## Core tests. ##
## ----------- ##

configure:2377: checking build system type
configure:2391: result: x86_64-redhat-linux-gnu
configure:2411: checking host system type
configure:2424: result: x86_64-redhat-linux-gnu
configure:2493: checking for gcc
configure:2509: found /usr/bin/gcc
configure:2520: result: gcc
configure:2749: checking for C compiler version
configure:2758: gcc --version >&5
gcc (GCC) 4.4.7 20120313 (Red Hat 4.4.7-3)
Copyright (C) 2010 Free Software Foundation, Inc.
This is free software; see the source for copying conditions.  There is NO
warranty; not even for MERCHANTABILITY or FITNESS FOR A PARTICULAR PURPOSE.

configure:2769: $? = 0
configure:2758: gcc -v >&5
Using built-in specs.
Target: x86_64-redhat-linux
Configured with: ../configure --prefix=/usr --mandir=/usr/share/man --infodir=/usr/share/info --with-bugurl=http://bugzilla.redhat.com/bugzilla --enable-bootstrap --enable-shared --enable-threads=posix --enable-checking=release --with-system-zlib --enable-__cxa_atexit --disable-libunwind-exceptions --enable-gnu-unique-object --enable-languages=c,c++,objc,obj-c++,java,fortran,ada --enable-java-awt=gtk --disable-dssi --with-java-home=/usr/lib/jvm/java-1.5.0-gcj-1.5.0.0/jre --enable-libgcj-multifile --enable-java-maintainer-mode --with-ecj-jar=/usr/share/java/eclipse-ecj.jar --disable-libjava-multilib --with-ppl --with-cloog --with-tune=generic --with-arch_32=i686 --build=x86_64-redhat-linux
Thread model: posix
gcc version 4.4.7 20120313 (Red Hat 4.4.7-3) (GCC) 
configure:2769: $? = 0
configure:2758: gcc -V >&5
gcc: '-V' option must have argument
configure:2769: $? = 1
configure:2758: gcc -qversion >&5
gcc: unrecognized option '-qversion'
gcc: no input files
configure:2769: $? = 1
configure:2789: checking whether the C compiler works
configure:2811: gcc    conftest.c  >&5
configure:2815: $? = 0
configure:2863: result: yes
configure:2866: checking for C compiler default output file name
configure:2868: result: a.out
configure:2874: checking for suffix of executables
configure:2881: gcc -o conftest    conftest.c  >&5
configure:2885: $? = 0
configure:2907: result: 
configure:2929: checking whether we are cross compiling
configure:2937: gcc -o conftest    conftest.c  >&5
configure:2941: $? = 0
configure:2948: ./conftest
configure:2952: $? = 0
configure:2967: result: no
configure:2972: checking for suffix of object files
configure:2994: gcc -c   conftest.c >&5
configure:2998: $? = 0
configure:3019: result: o
configure:3023: checking whether we are using the GNU C compiler
configure:3042: gcc -c   conftest.c >&5
configure:3042: $? = 0
configure:3051: result: yes
configure:3060: checking whether gcc accepts -g
configure:3080: gcc -c -g  conftest.c >&5
configure:3080: $? = 0
configure:3121: result: yes
configure:3138: checking for gcc option to accept ISO C89
configure:3202: gcc  -c -g -O2  conftest.c >&5
configure:3202: $? = 0
configure:3215: result: none needed
configure:3253: checking for a BSD-compatible install
configure:3321: result: /usr/bin/install -c
configure:3344: checking how to run the C preprocessor
configure:3375: gcc -E  conftest.c
configure:3375: $? = 0
configure:3389: gcc -E  conftest.c
conftest.c:9:28: error: ac_nonexistent.h: No such file or directory
configure:3389: $? = 1
configure: failed program was:
| /* confdefs.h */
| #define PACKAGE_NAME "rdesktop"
| #define PACKAGE_TARNAME "rdesktop"
| #define PACKAGE_VERSION "1.7.1"
| #define PACKAGE_STRING "rdesktop 1.7.1"
| #define PACKAGE_BUGREPORT ""
| #define PACKAGE_URL ""
| /* end confdefs.h.  */
| #include <ac_nonexistent.h>
configure:3414: result: gcc -E
configure:3434: gcc -E  conftest.c
configure:3434: $? = 0
configure:3448: gcc -E  conftest.c
conftest.c:9:28: error: ac_nonexistent.h: No such file or directory
configure:3448: $? = 1
configure: failed program was:
| /* confdefs.h */
| #define PACKAGE_NAME "rdesktop"
| #define PACKAGE_TARNAME "rdesktop"
| #define PACKAGE_VERSION "1.7.1"
| #define PACKAGE_STRING "rdesktop 1.7.1"
| #define PACKAGE_BUGREPORT ""
| #define PACKAGE_URL ""
| /* end confdefs.h.  */
| #include <ac_nonexistent.h>
configure:3477: checking for grep that handles long lines and -e
configure:3535: result: /bin/grep
configure:3540: checking for egrep
configure:3602: result: /bin/grep -E
configure:3607: checking for ANSI C header files
configure:3627: gcc -c -g -O2 -Wall  conftest.c >&5
configure:3627: $? = 0
configure:3700: gcc -o conftest -g -O2 -Wall   conftest.c  >&5
configure:3700: $? = 0
configure:3700: ./conftest
configure:3700: $? = 0
configure:3711: result: yes
configure:3724: checking for sys/types.h
configure:3724: gcc -c -g -O2 -Wall  conftest.c >&5
configure:3724: $? = 0
configure:3724: result: yes
configure:3724: checking for sys/stat.h
configure:3724: gcc -c -g -O2 -Wall  conftest.c >&5
configure:3724: $? = 0
configure:3724: result: yes
configure:3724: checking for stdlib.h
configure:3724: gcc -c -g -O2 -Wall  conftest.c >&5
configure:3724: $? = 0
configure:3724: result: yes
configure:3724: checking for string.h
configure:3724: gcc -c -g -O2 -Wall  conftest.c >&5
configure:3724: $? = 0
configure:3724: result: yes
configure:3724: checking for memory.h
configure:3724: gcc -c -g -O2 -Wall  conftest.c >&5
configure:3724: $? = 0
configure:3724: result: yes
configure:3724: checking for strings.h
configure:3724: gcc -c -g -O2 -Wall  conftest.c >&5
configure:3724: $? = 0
configure:3724: result: yes
configure:3724: checking for inttypes.h
configure:3724: gcc -c -g -O2 -Wall  conftest.c >&5
configure:3724: $? = 0
configure:3724: result: yes
configure:3724: checking for stdint.h
configure:3724: gcc -c -g -O2 -Wall  conftest.c >&5
configure:3724: $? = 0
configure:3724: result: yes
configure:3724: checking for unistd.h
configure:3724: gcc -c -g -O2 -Wall  conftest.c >&5
configure:3724: $? = 0
configure:3724: result: yes
configure:3736: checking whether byte ordering is bigendian
configure:3751: gcc -c -g -O2 -Wall  conftest.c >&5
conftest.c:20: error: expected '=', ',', ';', 'asm' or '__attribute__' before 'a'
configure:3751: $? = 1
configure: failed program was:
| /* confdefs.h */
| #define PACKAGE_NAME "rdesktop"
| #define PACKAGE_TARNAME "rdesktop"
| #define PACKAGE_VERSION "1.7.1"
| #define PACKAGE_STRING "rdesktop 1.7.1"
| #define PACKAGE_BUGREPORT ""
| #define PACKAGE_URL ""
| #define STDC_HEADERS 1
| #define HAVE_SYS_TYPES_H 1
| #define HAVE_SYS_STAT_H 1
| #define HAVE_STDLIB_H 1
| #define HAVE_STRING_H 1
| #define HAVE_MEMORY_H 1
| #define HAVE_STRINGS_H 1
| #define HAVE_INTTYPES_H 1
| #define HAVE_STDINT_H 1
| #define HAVE_UNISTD_H 1
| /* end confdefs.h.  */
| #ifndef __APPLE_CC__
| 	       not a universal capable compiler
| 	     #endif
| 	     typedef int dummy;
| 
configure:3796: gcc -c -g -O2 -Wall  conftest.c >&5
configure:3796: $? = 0
configure:3814: gcc -c -g -O2 -Wall  conftest.c >&5
conftest.c: In function 'main':
conftest.c:26: error: 'not' undeclared (first use in this function)
conftest.c:26: error: (Each undeclared identifier is reported only once
conftest.c:26: error: for each function it appears in.)
conftest.c:26: error: expected ';' before 'big'
configure:3814: $? = 1
configure: failed program was:
| /* confdefs.h */
| #define PACKAGE_NAME "rdesktop"
| #define PACKAGE_TARNAME "rdesktop"
| #define PACKAGE_VERSION "1.7.1"
| #define PACKAGE_STRING "rdesktop 1.7.1"
| #define PACKAGE_BUGREPORT ""
| #define PACKAGE_URL ""
| #define STDC_HEADERS 1
| #define HAVE_SYS_TYPES_H 1
| #define HAVE_SYS_STAT_H 1
| #define HAVE_STDLIB_H 1
| #define HAVE_STRING_H 1
| #define HAVE_MEMORY_H 1
| #define HAVE_STRINGS_H 1
| #define HAVE_INTTYPES_H 1
| #define HAVE_STDINT_H 1
| #define HAVE_UNISTD_H 1
| /* end confdefs.h.  */
| #include <sys/types.h>
| 		#include <sys/param.h>
| 
| int
| main ()
| {
| #if BYTE_ORDER != BIG_ENDIAN
| 		 not big endian
| 		#endif
| 
|   ;
|   return 0;
| }
configure:3942: result: no
configure:3961: checking for X
configure:4069: gcc -E  conftest.c
configure:4069: $? = 0
configure:4100: gcc -o conftest -g -O2 -Wall   conftest.c -lX11  >&5
configure:4100: $? = 0
configure:4150: result: libraries , headers 
configure:4249: gcc -o conftest -g -O2 -Wall   conftest.c   -lX11 >&5
configure:4249: $? = 0
configure:4347: checking for gethostbyname
configure:4347: gcc -o conftest -g -O2 -Wall   conftest.c  >&5
configure:4347: $? = 0
configure:4347: result: yes
configure:4444: checking for connect
configure:4444: gcc -o conftest -g -O2 -Wall   conftest.c  >&5
configure:4444: $? = 0
configure:4444: result: yes
configure:4493: checking for remove
configure:4493: gcc -o conftest -g -O2 -Wall   conftest.c  >&5
configure:4493: $? = 0
configure:4493: result: yes
configure:4542: checking for shmat
configure:4542: gcc -o conftest -g -O2 -Wall   conftest.c  >&5
configure:4542: $? = 0
configure:4542: result: yes
configure:4600: checking for IceConnectionNumber in -lICE
configure:4625: gcc -o conftest -g -O2 -Wall   conftest.c -lICE   >&5
configure:4625: $? = 0
configure:4634: result: yes
configure:4703: checking for pkg-config
configure:4721: found /usr/bin/pkg-config
configure:4733: result: /usr/bin/pkg-config
configure:4756: checking for library containing socket
configure:4787: gcc -o conftest -g -O2 -Wall   conftest.c  >&5
configure:4787: $? = 0
configure:4804: result: none required
configure:4812: checking for library containing inet_aton
configure:4843: gcc -o conftest -g -O2 -Wall   conftest.c  >&5
configure:4843: $? = 0
configure:4860: result: none required
configure:4869: checking sys/select.h usability
configure:4869: gcc -c -g -O2 -Wall  conftest.c >&5
configure:4869: $? = 0
configure:4869: result: yes
configure:4869: checking sys/select.h presence
configure:4869: gcc -E  conftest.c
configure:4869: $? = 0
configure:4869: result: yes
configure:4869: checking for sys/select.h
configure:4869: result: yes
configure:4876: checking sys/modem.h usability
configure:4876: gcc -c -g -O2 -Wall  conftest.c >&5
conftest.c:54:23: error: sys/modem.h: No such file or directory
configure:4876: $? = 1
configure: failed program was:
| /* confdefs.h */
| #define PACKAGE_NAME "rdesktop"
| #define PACKAGE_TARNAME "rdesktop"
| #define PACKAGE_VERSION "1.7.1"
| #define PACKAGE_STRING "rdesktop 1.7.1"
| #define PACKAGE_BUGREPORT ""
| #define PACKAGE_URL ""
| #define STDC_HEADERS 1
| #define HAVE_SYS_TYPES_H 1
| #define HAVE_SYS_STAT_H 1
| #define HAVE_STDLIB_H 1
| #define HAVE_STRING_H 1
| #define HAVE_MEMORY_H 1
| #define HAVE_STRINGS_H 1
| #define HAVE_INTTYPES_H 1
| #define HAVE_STDINT_H 1
| #define HAVE_UNISTD_H 1
| #define L_ENDIAN 1
| #define HAVE_SYS_SELECT_H 1
| /* end confdefs.h.  */
| #include <stdio.h>
| #ifdef HAVE_SYS_TYPES_H
| # include <sys/types.h>
| #endif
| #ifdef HAVE_SYS_STAT_H
| # include <sys/stat.h>
| #endif
| #ifdef STDC_HEADERS
| # include <stdlib.h>
| # include <stddef.h>
| #else
| # ifdef HAVE_STDLIB_H
| #  include <stdlib.h>
| # endif
| #endif
| #ifdef HAVE_STRING_H
| # if !defined STDC_HEADERS && defined HAVE_MEMORY_H
| #  include <memory.h>
| # endif
| # include <string.h>
| #endif
| #ifdef HAVE_STRINGS_H
| # include <strings.h>
| #endif
| #ifdef HAVE_INTTYPES_H
| # include <inttypes.h>
| #endif
| #ifdef HAVE_STDINT_H
| # include <stdint.h>
| #endif
| #ifdef HAVE_UNISTD_H
| # include <unistd.h>
| #endif
| #include <sys/modem.h>
configure:4876: result: no
configure:4876: checking sys/modem.h presence
configure:4876: gcc -E  conftest.c
conftest.c:21:23: error: sys/modem.h: No such file or directory
configure:4876: $? = 1
configure: failed program was:
| /* confdefs.h */
| #define PACKAGE_NAME "rdesktop"
| #define PACKAGE_TARNAME "rdesktop"
| #define PACKAGE_VERSION "1.7.1"
| #define PACKAGE_STRING "rdesktop 1.7.1"
| #define PACKAGE_BUGREPORT ""
| #define PACKAGE_URL ""
| #define STDC_HEADERS 1
| #define HAVE_SYS_TYPES_H 1
| #define HAVE_SYS_STAT_H 1
| #define HAVE_STDLIB_H 1
| #define HAVE_STRING_H 1
| #define HAVE_MEMORY_H 1
| #define HAVE_STRINGS_H 1
| #define HAVE_INTTYPES_H 1
| #define HAVE_STDINT_H 1
| #define HAVE_UNISTD_H 1
| #define L_ENDIAN 1
| #define HAVE_SYS_SELECT_H 1
| /* end confdefs.h.  */
| #include <sys/modem.h>
configure:4876: result: no
configure:4876: checking for sys/modem.h
configure:4876: result: no
configure:4883: checking sys/filio.h usability
configure:4883: gcc -c -g -O2 -Wall  conftest.c >&5
conftest.c:54:23: error: sys/filio.h: No such file or directory
configure:4883: $? = 1
configure: failed program was:
| /* confdefs.h */
| #define PACKAGE_NAME "rdesktop"
| #define PACKAGE_TARNAME "rdesktop"
| #define PACKAGE_VERSION "1.7.1"
| #define PACKAGE_STRING "rdesktop 1.7.1"
| #define PACKAGE_BUGREPORT ""
| #define PACKAGE_URL ""
| #define STDC_HEADERS 1
| #define HAVE_SYS_TYPES_H 1
| #define HAVE_SYS_STAT_H 1
| #define HAVE_STDLIB_H 1
| #define HAVE_STRING_H 1
| #define HAVE_MEMORY_H 1
| #define HAVE_STRINGS_H 1
| #define HAVE_INTTYPES_H 1
| #define HAVE_STDINT_H 1
| #define HAVE_UNISTD_H 1
| #define L_ENDIAN 1
| #define HAVE_SYS_SELECT_H 1
| /* end confdefs.h.  */
| #include <stdio.h>
| #ifdef HAVE_SYS_TYPES_H
| # include <sys/types.h>
| #endif
| #ifdef HAVE_SYS_STAT_H
| # include <sys/stat.h>
| #endif
| #ifdef STDC_HEADERS
| # include <stdlib.h>
| # include <stddef.h>
| #else
| # ifdef HAVE_STDLIB_H
| #  include <stdlib.h>
| # endif
| #endif
| #ifdef HAVE_STRING_H
| # if !defined STDC_HEADERS && defined HAVE_MEMORY_H
| #  include <memory.h>
| # endif
| # include <string.h>
| #endif
| #ifdef HAVE_STRINGS_H
| # include <strings.h>
| #endif
| #ifdef HAVE_INTTYPES_H
| # include <inttypes.h>
| #endif
| #ifdef HAVE_STDINT_H
| # include <stdint.h>
| #endif
| #ifdef HAVE_UNISTD_H
| # include <unistd.h>
| #endif
| #include <sys/filio.h>
configure:4883: result: no
configure:4883: checking sys/filio.h presence
configure:4883: gcc -E  conftest.c
conftest.c:21:23: error: sys/filio.h: No such file or directory
configure:4883: $? = 1
configure: failed program was:
| /* confdefs.h */
| #define PACKAGE_NAME "rdesktop"
| #define PACKAGE_TARNAME "rdesktop"
| #define PACKAGE_VERSION "1.7.1"
| #define PACKAGE_STRING "rdesktop 1.7.1"
| #define PACKAGE_BUGREPORT ""
| #define PACKAGE_URL ""
| #define STDC_HEADERS 1
| #define HAVE_SYS_TYPES_H 1
| #define HAVE_SYS_STAT_H 1
| #define HAVE_STDLIB_H 1
| #define HAVE_STRING_H 1
| #define HAVE_MEMORY_H 1
| #define HAVE_STRINGS_H 1
| #define HAVE_INTTYPES_H 1
| #define HAVE_STDINT_H 1
| #define HAVE_UNISTD_H 1
| #define L_ENDIAN 1
| #define HAVE_SYS_SELECT_H 1
| /* end confdefs.h.  */
| #include <sys/filio.h>
configure:4883: result: no
configure:4883: checking for sys/filio.h
configure:4883: result: no
configure:4890: checking sys/strtio.h usability
configure:4890: gcc -c -g -O2 -Wall  conftest.c >&5
conftest.c:54:24: error: sys/strtio.h: No such file or directory
configure:4890: $? = 1
configure: failed program was:
| /* confdefs.h */
| #define PACKAGE_NAME "rdesktop"
| #define PACKAGE_TARNAME "rdesktop"
| #define PACKAGE_VERSION "1.7.1"
| #define PACKAGE_STRING "rdesktop 1.7.1"
| #define PACKAGE_BUGREPORT ""
| #define PACKAGE_URL ""
| #define STDC_HEADERS 1
| #define HAVE_SYS_TYPES_H 1
| #define HAVE_SYS_STAT_H 1
| #define HAVE_STDLIB_H 1
| #define HAVE_STRING_H 1
| #define HAVE_MEMORY_H 1
| #define HAVE_STRINGS_H 1
| #define HAVE_INTTYPES_H 1
| #define HAVE_STDINT_H 1
| #define HAVE_UNISTD_H 1
| #define L_ENDIAN 1
| #define HAVE_SYS_SELECT_H 1
| /* end confdefs.h.  */
| #include <stdio.h>
| #ifdef HAVE_SYS_TYPES_H
| # include <sys/types.h>
| #endif
| #ifdef HAVE_SYS_STAT_H
| # include <sys/stat.h>
| #endif
| #ifdef STDC_HEADERS
| # include <stdlib.h>
| # include <stddef.h>
| #else
| # ifdef HAVE_STDLIB_H
| #  include <stdlib.h>
| # endif
| #endif
| #ifdef HAVE_STRING_H
| # if !defined STDC_HEADERS && defined HAVE_MEMORY_H
| #  include <memory.h>
| # endif
| # include <string.h>
| #endif
| #ifdef HAVE_STRINGS_H
| # include <strings.h>
| #endif
| #ifdef HAVE_INTTYPES_H
| # include <inttypes.h>
| #endif
| #ifdef HAVE_STDINT_H
| # include <stdint.h>
| #endif
| #ifdef HAVE_UNISTD_H
| # include <unistd.h>
| #endif
| #include <sys/strtio.h>
configure:4890: result: no
configure:4890: checking sys/strtio.h presence
configure:4890: gcc -E  conftest.c
conftest.c:21:24: error: sys/strtio.h: No such file or directory
configure:4890: $? = 1
configure: failed program was:
| /* confdefs.h */
| #define PACKAGE_NAME "rdesktop"
| #define PACKAGE_TARNAME "rdesktop"
| #define PACKAGE_VERSION "1.7.1"
| #define PACKAGE_STRING "rdesktop 1.7.1"
| #define PACKAGE_BUGREPORT ""
| #define PACKAGE_URL ""
| #define STDC_HEADERS 1
| #define HAVE_SYS_TYPES_H 1
| #define HAVE_SYS_STAT_H 1
| #define HAVE_STDLIB_H 1
| #define HAVE_STRING_H 1
| #define HAVE_MEMORY_H 1
| #define HAVE_STRINGS_H 1
| #define HAVE_INTTYPES_H 1
| #define HAVE_STDINT_H 1
| #define HAVE_UNISTD_H 1
| #define L_ENDIAN 1
| #define HAVE_SYS_SELECT_H 1
| /* end confdefs.h.  */
| #include <sys/strtio.h>
configure:4890: result: no
configure:4890: checking for sys/strtio.h
configure:4890: result: no
configure:4897: checking locale.h usability
configure:4897: gcc -c -g -O2 -Wall  conftest.c >&5
configure:4897: $? = 0
configure:4897: result: yes
configure:4897: checking locale.h presence
configure:4897: gcc -E  conftest.c
configure:4897: $? = 0
configure:4897: result: yes
configure:4897: checking for locale.h
configure:4897: result: yes
configure:4904: checking langinfo.h usability
configure:4904: gcc -c -g -O2 -Wall  conftest.c >&5
configure:4904: $? = 0
configure:4904: result: yes
configure:4904: checking langinfo.h presence
configure:4904: gcc -E  conftest.c
configure:4904: $? = 0
configure:4904: result: yes
configure:4904: checking for langinfo.h
configure:4904: result: yes
configure:4911: checking sysexits.h usability
configure:4911: gcc -c -g -O2 -Wall  conftest.c >&5
configure:4911: $? = 0
configure:4911: result: yes
configure:4911: checking sysexits.h presence
configure:4911: gcc -E  conftest.c
configure:4911: $? = 0
configure:4911: result: yes
configure:4911: checking for sysexits.h
configure:4911: result: yes
configure:4962: checking for strip
configure:4978: found /usr/bin/strip
configure:4989: result: strip
configure:5024: checking for OpenSSL directory
configure:5057: result: /usr
configure:5203: checking for pkg-config
configure:5233: result: /usr/bin/pkg-config
configure:5258: checking pkg-config is at least version 0.9.0
configure:5261: result: yes
configure:5271: checking for XRANDR
configure:5278: $PKG_CONFIG --exists --print-errors "xrandr"
configure:5281: $? = 0
configure:5294: $PKG_CONFIG --exists --print-errors "xrandr"
configure:5297: $? = 0
configure:5334: result: yes
configure:5487: checking if architecture needs alignment
configure:5512: gcc -o conftest -g -O2 -Wall -I/usr/include     conftest.c -L/usr/lib -L/usr/lib64 -lcrypto  -lXrandr   >&5
configure:5512: $? = 0
configure:5512: ./conftest
configure:5512: $? = 0
configure:5513: result: no
configure:5587: checking sys/soundcard.h usability
configure:5587: gcc -c -g -O2 -Wall -I/usr/include    conftest.c >&5
configure:5587: $? = 0
configure:5587: result: yes
configure:5587: checking sys/soundcard.h presence
configure:5587: gcc -E  conftest.c
configure:5587: $? = 0
configure:5587: result: yes
configure:5587: checking for sys/soundcard.h
configure:5587: result: yes
configure:5595: checking dmedia/audio.h usability
configure:5595: gcc -c -g -O2 -Wall -I/usr/include    conftest.c >&5
conftest.c:60:26: error: dmedia/audio.h: No such file or directory
configure:5595: $? = 1
configure: failed program was:
| /* confdefs.h */
| #define PACKAGE_NAME "rdesktop"
| #define PACKAGE_TARNAME "rdesktop"
| #define PACKAGE_VERSION "1.7.1"
| #define PACKAGE_STRING "rdesktop 1.7.1"
| #define PACKAGE_BUGREPORT ""
| #define PACKAGE_URL ""
| #define STDC_HEADERS 1
| #define HAVE_SYS_TYPES_H 1
| #define HAVE_SYS_STAT_H 1
| #define HAVE_STDLIB_H 1
| #define HAVE_STRING_H 1
| #define HAVE_MEMORY_H 1
| #define HAVE_STRINGS_H 1
| #define HAVE_INTTYPES_H 1
| #define HAVE_STDINT_H 1
| #define HAVE_UNISTD_H 1
| #define L_ENDIAN 1
| #define HAVE_SYS_SELECT_H 1
| #define HAVE_LOCALE_H 1
| #define HAVE_LANGINFO_H 1
| #define HAVE_SYSEXITS_H 1
| #define ssldir "/usr"
| #define HAVE_XRANDR 1
| #define EGD_SOCKET "/var/run/egd-pool"
| /* end confdefs.h.  */
| #include <stdio.h>
| #ifdef HAVE_SYS_TYPES_H
| # include <sys/types.h>
| #endif
| #ifdef HAVE_SYS_STAT_H
| # include <sys/stat.h>
| #endif
| #ifdef STDC_HEADERS
| # include <stdlib.h>
| # include <stddef.h>
| #else
| # ifdef HAVE_STDLIB_H
| #  include <stdlib.h>
| # endif
| #endif
| #ifdef HAVE_STRING_H
| # if !defined STDC_HEADERS && defined HAVE_MEMORY_H
| #  include <memory.h>
| # endif
| # include <string.h>
| #endif
| #ifdef HAVE_STRINGS_H
| # include <strings.h>
| #endif
| #ifdef HAVE_INTTYPES_H
| # include <inttypes.h>
| #endif
| #ifdef HAVE_STDINT_H
| # include <stdint.h>
| #endif
| #ifdef HAVE_UNISTD_H
| # include <unistd.h>
| #endif
| #include <dmedia/audio.h>
configure:5595: result: no
configure:5595: checking dmedia/audio.h presence
configure:5595: gcc -E  conftest.c
conftest.c:27:26: error: dmedia/audio.h: No such file or directory
configure:5595: $? = 1
configure: failed program was:
| /* confdefs.h */
| #define PACKAGE_NAME "rdesktop"
| #define PACKAGE_TARNAME "rdesktop"
| #define PACKAGE_VERSION "1.7.1"
| #define PACKAGE_STRING "rdesktop 1.7.1"
| #define PACKAGE_BUGREPORT ""
| #define PACKAGE_URL ""
| #define STDC_HEADERS 1
| #define HAVE_SYS_TYPES_H 1
| #define HAVE_SYS_STAT_H 1
| #define HAVE_STDLIB_H 1
| #define HAVE_STRING_H 1
| #define HAVE_MEMORY_H 1
| #define HAVE_STRINGS_H 1
| #define HAVE_INTTYPES_H 1
| #define HAVE_STDINT_H 1
| #define HAVE_UNISTD_H 1
| #define L_ENDIAN 1
| #define HAVE_SYS_SELECT_H 1
| #define HAVE_LOCALE_H 1
| #define HAVE_LANGINFO_H 1
| #define HAVE_SYSEXITS_H 1
| #define ssldir "/usr"
| #define HAVE_XRANDR 1
| #define EGD_SOCKET "/var/run/egd-pool"
| /* end confdefs.h.  */
| #include <dmedia/audio.h>
configure:5595: result: no
configure:5595: checking for dmedia/audio.h
configure:5595: result: no
configure:5603: checking sys/audioio.h usability
configure:5603: gcc -c -g -O2 -Wall -I/usr/include    conftest.c >&5
conftest.c:60:25: error: sys/audioio.h: No such file or directory
configure:5603: $? = 1
configure: failed program was:
| /* confdefs.h */
| #define PACKAGE_NAME "rdesktop"
| #define PACKAGE_TARNAME "rdesktop"
| #define PACKAGE_VERSION "1.7.1"
| #define PACKAGE_STRING "rdesktop 1.7.1"
| #define PACKAGE_BUGREPORT ""
| #define PACKAGE_URL ""
| #define STDC_HEADERS 1
| #define HAVE_SYS_TYPES_H 1
| #define HAVE_SYS_STAT_H 1
| #define HAVE_STDLIB_H 1
| #define HAVE_STRING_H 1
| #define HAVE_MEMORY_H 1
| #define HAVE_STRINGS_H 1
| #define HAVE_INTTYPES_H 1
| #define HAVE_STDINT_H 1
| #define HAVE_UNISTD_H 1
| #define L_ENDIAN 1
| #define HAVE_SYS_SELECT_H 1
| #define HAVE_LOCALE_H 1
| #define HAVE_LANGINFO_H 1
| #define HAVE_SYSEXITS_H 1
| #define ssldir "/usr"
| #define HAVE_XRANDR 1
| #define EGD_SOCKET "/var/run/egd-pool"
| /* end confdefs.h.  */
| #include <stdio.h>
| #ifdef HAVE_SYS_TYPES_H
| # include <sys/types.h>
| #endif
| #ifdef HAVE_SYS_STAT_H
| # include <sys/stat.h>
| #endif
| #ifdef STDC_HEADERS
| # include <stdlib.h>
| # include <stddef.h>
| #else
| # ifdef HAVE_STDLIB_H
| #  include <stdlib.h>
| # endif
| #endif
| #ifdef HAVE_STRING_H
| # if !defined STDC_HEADERS && defined HAVE_MEMORY_H
| #  include <memory.h>
| # endif
| # include <string.h>
| #endif
| #ifdef HAVE_STRINGS_H
| # include <strings.h>
| #endif
| #ifdef HAVE_INTTYPES_H
| # include <inttypes.h>
| #endif
| #ifdef HAVE_STDINT_H
| # include <stdint.h>
| #endif
| #ifdef HAVE_UNISTD_H
| # include <unistd.h>
| #endif
| #include <sys/audioio.h>
configure:5603: result: no
configure:5603: checking sys/audioio.h presence
configure:5603: gcc -E  conftest.c
conftest.c:27:25: error: sys/audioio.h: No such file or directory
configure:5603: $? = 1
configure: failed program was:
| /* confdefs.h */
| #define PACKAGE_NAME "rdesktop"
| #define PACKAGE_TARNAME "rdesktop"
| #define PACKAGE_VERSION "1.7.1"
| #define PACKAGE_STRING "rdesktop 1.7.1"
| #define PACKAGE_BUGREPORT ""
| #define PACKAGE_URL ""
| #define STDC_HEADERS 1
| #define HAVE_SYS_TYPES_H 1
| #define HAVE_SYS_STAT_H 1
| #define HAVE_STDLIB_H 1
| #define HAVE_STRING_H 1
| #define HAVE_MEMORY_H 1
| #define HAVE_STRINGS_H 1
| #define HAVE_INTTYPES_H 1
| #define HAVE_STDINT_H 1
| #define HAVE_UNISTD_H 1
| #define L_ENDIAN 1
| #define HAVE_SYS_SELECT_H 1
| #define HAVE_LOCALE_H 1
| #define HAVE_LANGINFO_H 1
| #define HAVE_SYSEXITS_H 1
| #define ssldir "/usr"
| #define HAVE_XRANDR 1
| #define EGD_SOCKET "/var/run/egd-pool"
| /* end confdefs.h.  */
| #include <sys/audioio.h>
configure:5603: result: no
configure:5603: checking for sys/audioio.h
configure:5603: result: no
configure:5623: checking for LIBAO
configure:5630: $PKG_CONFIG --exists --print-errors "ao"
Package ao was not found in the pkg-config search path.
Perhaps you should add the directory containing `ao.pc'
to the PKG_CONFIG_PATH environment variable
No package 'ao' found
configure:5633: $? = 1
configure:5646: $PKG_CONFIG --exists --print-errors "ao"
Package ao was not found in the pkg-config search path.
Perhaps you should add the directory containing `ao.pc'
to the PKG_CONFIG_PATH environment variable
No package 'ao' found
configure:5649: $? = 1
configure:5662: result: no
No package 'ao' found
configure:5692: checking for ALSA
configure:5699: $PKG_CONFIG --exists --print-errors "alsa"
configure:5702: $? = 0
configure:5715: $PKG_CONFIG --exists --print-errors "alsa"
configure:5718: $? = 0
configure:5755: result: yes
configure:5761: checking for LIBSAMPLERATE
configure:5768: $PKG_CONFIG --exists --print-errors "samplerate"
Package samplerate was not found in the pkg-config search path.
Perhaps you should add the directory containing `samplerate.pc'
to the PKG_CONFIG_PATH environment variable
No package 'samplerate' found
configure:5771: $? = 1
configure:5784: $PKG_CONFIG --exists --print-errors "samplerate"
Package samplerate was not found in the pkg-config search path.
Perhaps you should add the directory containing `samplerate.pc'
to the PKG_CONFIG_PATH environment variable
No package 'samplerate' found
configure:5787: $? = 1
configure:5800: result: no
No package 'samplerate' found
configure:5965: checking for dirent.h that defines DIR
configure:5984: gcc -c -g -O2 -Wall -I/usr/include    -I/usr/include/alsa    conftest.c >&5
configure:5984: $? = 0
configure:5992: result: yes
configure:6005: checking for library containing opendir
configure:6036: gcc -o conftest -g -O2 -Wall -I/usr/include    -I/usr/include/alsa     conftest.c -L/usr/lib -L/usr/lib64 -lcrypto  -lXrandr    -lasound   >&5
configure:6036: $? = 0
configure:6053: result: none required
configure:6138: checking for dirfd
configure:6138: gcc -o conftest -g -O2 -Wall -I/usr/include    -I/usr/include/alsa     conftest.c -L/usr/lib -L/usr/lib64 -lcrypto  -lXrandr    -lasound   >&5
configure:6138: $? = 0
configure:6138: result: yes
configure:6147: checking whether dirfd is declared
configure:6147: gcc -c -g -O2 -Wall -I/usr/include    -I/usr/include/alsa    conftest.c >&5
configure:6147: $? = 0
configure:6147: result: yes
configure:6160: checking whether dirfd is a macro
configure:6181: result: no
configure:6271: checking iconv.h usability
configure:6271: gcc -c -g -O2 -Wall -I/usr/include    -I/usr/include/alsa    conftest.c >&5
configure:6271: $? = 0
configure:6271: result: yes
configure:6271: checking iconv.h presence
configure:6271: gcc -E  conftest.c
configure:6271: $? = 0
configure:6271: result: yes
configure:6271: checking for iconv.h
configure:6271: result: yes
configure:6279: checking for iconv
configure:6301: gcc -o conftest -g -O2 -Wall -I/usr/include    -I/usr/include/alsa     conftest.c -L/usr/lib -L/usr/lib64 -lcrypto  -lXrandr    -lasound   >&5
configure:6301: $? = 0
configure:6333: result: yes
configure:6339: checking for iconv declaration
configure:6368: gcc -c -g -O2 -Wall -I/usr/include    -I/usr/include/alsa    conftest.c >&5
configure:6368: $? = 0
configure:6379: result: 
         extern size_t iconv (iconv_t cd, char * *inbuf, size_t *inbytesleft, char * *outbuf, size_t *outbytesleft);
configure:6403: checking for socklen_t
configure:6403: gcc -c -g -O2 -Wall -I/usr/include    -I/usr/include/alsa    conftest.c >&5
configure:6403: $? = 0
configure:6403: gcc -c -g -O2 -Wall -I/usr/include    -I/usr/include/alsa    conftest.c >&5
conftest.c: In function 'main':
conftest.c:42: error: expected expression before ')' token
configure:6403: $? = 1
configure: failed program was:
| /* confdefs.h */
| #define PACKAGE_NAME "rdesktop"
| #define PACKAGE_TARNAME "rdesktop"
| #define PACKAGE_VERSION "1.7.1"
| #define PACKAGE_STRING "rdesktop 1.7.1"
| #define PACKAGE_BUGREPORT ""
| #define PACKAGE_URL ""
| #define STDC_HEADERS 1
| #define HAVE_SYS_TYPES_H 1
| #define HAVE_SYS_STAT_H 1
| #define HAVE_STDLIB_H 1
| #define HAVE_STRING_H 1
| #define HAVE_MEMORY_H 1
| #define HAVE_STRINGS_H 1
| #define HAVE_INTTYPES_H 1
| #define HAVE_STDINT_H 1
| #define HAVE_UNISTD_H 1
| #define L_ENDIAN 1
| #define HAVE_SYS_SELECT_H 1
| #define HAVE_LOCALE_H 1
| #define HAVE_LANGINFO_H 1
| #define HAVE_SYSEXITS_H 1
| #define ssldir "/usr"
| #define HAVE_XRANDR 1
| #define EGD_SOCKET "/var/run/egd-pool"
| #define WITH_RDPSND 1
| #define RDPSND_OSS 1
| #define RDPSND_ALSA 1
| #define HAVE_DIRENT_H 1
| #define HAVE_DIRFD 1
| #define HAVE_DECL_DIRFD 1
| #define HAVE_ICONV_H 1
| #define HAVE_ICONV 1
| #define ICONV_CONST 
| /* end confdefs.h.  */
| #include <sys/types.h>
| #include <sys/socket.h>
| 
| int
| main ()
| {
| if (sizeof ((socklen_t)))
| 	    return 0;
|   ;
|   return 0;
| }
configure:6403: result: yes
configure:6472: checking sys/vfs.h usability
configure:6472: gcc -c -g -O2 -Wall -I/usr/include    -I/usr/include/alsa    conftest.c >&5
configure:6472: $? = 0
configure:6472: result: yes
configure:6472: checking sys/vfs.h presence
configure:6472: gcc -E  conftest.c
configure:6472: $? = 0
configure:6472: result: yes
configure:6472: checking for sys/vfs.h
configure:6472: result: yes
configure:6484: checking sys/statvfs.h usability
configure:6484: gcc -c -g -O2 -Wall -I/usr/include    -I/usr/include/alsa    conftest.c >&5
configure:6484: $? = 0
configure:6484: result: yes
configure:6484: checking sys/statvfs.h presence
configure:6484: gcc -E  conftest.c
configure:6484: $? = 0
configure:6484: result: yes
configure:6484: checking for sys/statvfs.h
configure:6484: result: yes
configure:6496: checking sys/statfs.h usability
configure:6496: gcc -c -g -O2 -Wall -I/usr/include    -I/usr/include/alsa    conftest.c >&5
configure:6496: $? = 0
configure:6496: result: yes
configure:6496: checking sys/statfs.h presence
configure:6496: gcc -E  conftest.c
configure:6496: $? = 0
configure:6496: result: yes
configure:6496: checking for sys/statfs.h
configure:6496: result: yes
configure:6508: checking sys/param.h usability
configure:6508: gcc -c -g -O2 -Wall -I/usr/include    -I/usr/include/alsa    conftest.c >&5
configure:6508: $? = 0
configure:6508: result: yes
configure:6508: checking sys/param.h presence
configure:6508: gcc -E  conftest.c
configure:6508: $? = 0
configure:6508: result: yes
configure:6508: checking for sys/param.h
configure:6508: result: yes
configure:6528: checking for sys/mount.h
configure:6528: gcc -c -g -O2 -Wall -I/usr/include    -I/usr/include/alsa    conftest.c >&5
configure:6528: $? = 0
configure:6528: result: yes
configure:6542: checking how to get filesystem space usage...
configure:6549: checking statvfs64 function (SVR4)
configure:6571: gcc -o conftest -g -O2 -Wall -I/usr/include    -I/usr/include/alsa     conftest.c -L/usr/lib -L/usr/lib64 -lcrypto  -lXrandr    -lasound    >&5
conftest.c:48: warning: return type defaults to 'int'
conftest.c: In function 'main':
conftest.c:49: error: storage size of 'fsd' isn't known
conftest.c:50: warning: implicit declaration of function 'exit'
conftest.c:50: warning: incompatible implicit declaration of built-in function 'exit'
conftest.c:50: warning: implicit declaration of function 'statvfs64'
conftest.c:49: warning: unused variable 'fsd'
configure:6571: $? = 1
configure: program exited with status 1
configure: failed program was:
| /* confdefs.h */
| #define PACKAGE_NAME "rdesktop"
| #define PACKAGE_TARNAME "rdesktop"
| #define PACKAGE_VERSION "1.7.1"
| #define PACKAGE_STRING "rdesktop 1.7.1"
| #define PACKAGE_BUGREPORT ""
| #define PACKAGE_URL ""
| #define STDC_HEADERS 1
| #define HAVE_SYS_TYPES_H 1
| #define HAVE_SYS_STAT_H 1
| #define HAVE_STDLIB_H 1
| #define HAVE_STRING_H 1
| #define HAVE_MEMORY_H 1
| #define HAVE_STRINGS_H 1
| #define HAVE_INTTYPES_H 1
| #define HAVE_STDINT_H 1
| #define HAVE_UNISTD_H 1
| #define L_ENDIAN 1
| #define HAVE_SYS_SELECT_H 1
| #define HAVE_LOCALE_H 1
| #define HAVE_LANGINFO_H 1
| #define HAVE_SYSEXITS_H 1
| #define ssldir "/usr"
| #define HAVE_XRANDR 1
| #define EGD_SOCKET "/var/run/egd-pool"
| #define WITH_RDPSND 1
| #define RDPSND_OSS 1
| #define RDPSND_ALSA 1
| #define HAVE_DIRENT_H 1
| #define HAVE_DIRFD 1
| #define HAVE_DECL_DIRFD 1
| #define HAVE_ICONV_H 1
| #define HAVE_ICONV 1
| #define ICONV_CONST 
| #define HAVE_SYS_VFS_H 1
| #define HAVE_SYS_STATVFS_H 1
| #define HAVE_SYS_STATFS_H 1
| #define HAVE_SYS_PARAM_H 1
| #define HAVE_SYS_MOUNT_H 1
| /* end confdefs.h.  */
| 
| #if defined(HAVE_UNISTD_H)
| #include <unistd.h>
| #endif
| #include <sys/types.h>
| #include <sys/statvfs.h>
|   main ()
|   {
|     struct statvfs64 fsd;
|     exit (statvfs64 (".", &fsd));
|   }
configure:6581: result: no
configure:6599: checking statvfs function (SVR4)
configure:6616: gcc -o conftest -g -O2 -Wall -I/usr/include    -I/usr/include/alsa     conftest.c -L/usr/lib -L/usr/lib64 -lcrypto  -lXrandr    -lasound    >&5
conftest.c: In function 'main':
conftest.c:46: warning: null argument where non-null required (argument 1)
configure:6616: $? = 0
configure:6624: result: yes
configure:6890: checking for struct statfs.f_namemax
configure:6890: gcc -c -g -O2 -Wall -I/usr/include    -I/usr/include/alsa    conftest.c >&5
conftest.c: In function 'main':
conftest.c:99: error: 'struct statfs' has no member named 'f_namemax'
configure:6890: $? = 1
configure: failed program was:
| /* confdefs.h */
| #define PACKAGE_NAME "rdesktop"
| #define PACKAGE_TARNAME "rdesktop"
| #define PACKAGE_VERSION "1.7.1"
| #define PACKAGE_STRING "rdesktop 1.7.1"
| #define PACKAGE_BUGREPORT ""
| #define PACKAGE_URL ""
| #define STDC_HEADERS 1
| #define HAVE_SYS_TYPES_H 1
| #define HAVE_SYS_STAT_H 1
| #define HAVE_STDLIB_H 1
| #define HAVE_STRING_H 1
| #define HAVE_MEMORY_H 1
| #define HAVE_STRINGS_H 1
| #define HAVE_INTTYPES_H 1
| #define HAVE_STDINT_H 1
| #define HAVE_UNISTD_H 1
| #define L_ENDIAN 1
| #define HAVE_SYS_SELECT_H 1
| #define HAVE_LOCALE_H 1
| #define HAVE_LANGINFO_H 1
| #define HAVE_SYSEXITS_H 1
| #define ssldir "/usr"
| #define HAVE_XRANDR 1
| #define EGD_SOCKET "/var/run/egd-pool"
| #define WITH_RDPSND 1
| #define RDPSND_OSS 1
| #define RDPSND_ALSA 1
| #define HAVE_DIRENT_H 1
| #define HAVE_DIRFD 1
| #define HAVE_DECL_DIRFD 1
| #define HAVE_ICONV_H 1
| #define HAVE_ICONV 1
| #define ICONV_CONST 
| #define HAVE_SYS_VFS_H 1
| #define HAVE_SYS_STATVFS_H 1
| #define HAVE_SYS_STATFS_H 1
| #define HAVE_SYS_PARAM_H 1
| #define HAVE_SYS_MOUNT_H 1
| #define STAT_STATVFS 1
| /* end confdefs.h.  */
| #include <stdio.h>
| #ifdef HAVE_SYS_TYPES_H
| # include <sys/types.h>
| #endif
| #ifdef HAVE_SYS_STAT_H
| # include <sys/stat.h>
| #endif
| #ifdef STDC_HEADERS
| # include <stdlib.h>
| # include <stddef.h>
| #else
| # ifdef HAVE_STDLIB_H
| #  include <stdlib.h>
| # endif
| #endif
| #ifdef HAVE_STRING_H
| # if !defined STDC_HEADERS && defined HAVE_MEMORY_H
| #  include <memory.h>
| # endif
| # include <string.h>
| #endif
| #ifdef HAVE_STRINGS_H
| # include <strings.h>
| #endif
| #ifdef HAVE_INTTYPES_H
| # include <inttypes.h>
| #endif
| #ifdef HAVE_STDINT_H
| # include <stdint.h>
| #endif
| #ifdef HAVE_UNISTD_H
| # include <unistd.h>
| #endif
| #if HAVE_SYS_STATVFS_H
| # include <sys/statvfs.h>
| #endif
| #if HAVE_SYS_VFS_H
| # include <sys/vfs.h>
| #endif
| #if !HAVE_SYS_STATVFS_H && !HAVE_SYS_VFS_H
| # if HAVE_SYS_MOUNT_H && HAVE_SYS_PARAM_H
| /* NetBSD 1.5.2 needs these, for the declaration of struct statfs. */
| #  include <sys/param.h>
| #  include <sys/mount.h>
| # elif HAVE_NETINET_IN_H && HAVE_NFS_NFS_CLNT_H && HAVE_NFS_VFS_H
| /* Ultrix 4.4 needs these for the declaration of struct statfs.  */
| #  include <netinet/in.h>
| #  include <nfs/nfs_clnt.h>
| #  include <nfs/vfs.h>
| # endif
| #endif
| 
| 
| int
| main ()
| {
| static struct statfs ac_aggr;
| if (ac_aggr.f_namemax)
| return 0;
|   ;
|   return 0;
| }
configure:6890: gcc -c -g -O2 -Wall -I/usr/include    -I/usr/include/alsa    conftest.c >&5
conftest.c: In function 'main':
conftest.c:99: error: 'struct statfs' has no member named 'f_namemax'
configure:6890: $? = 1
configure: failed program was:
| /* confdefs.h */
| #define PACKAGE_NAME "rdesktop"
| #define PACKAGE_TARNAME "rdesktop"
| #define PACKAGE_VERSION "1.7.1"
| #define PACKAGE_STRING "rdesktop 1.7.1"
| #define PACKAGE_BUGREPORT ""
| #define PACKAGE_URL ""
| #define STDC_HEADERS 1
| #define HAVE_SYS_TYPES_H 1
| #define HAVE_SYS_STAT_H 1
| #define HAVE_STDLIB_H 1
| #define HAVE_STRING_H 1
| #define HAVE_MEMORY_H 1
| #define HAVE_STRINGS_H 1
| #define HAVE_INTTYPES_H 1
| #define HAVE_STDINT_H 1
| #define HAVE_UNISTD_H 1
| #define L_ENDIAN 1
| #define HAVE_SYS_SELECT_H 1
| #define HAVE_LOCALE_H 1
| #define HAVE_LANGINFO_H 1
| #define HAVE_SYSEXITS_H 1
| #define ssldir "/usr"
| #define HAVE_XRANDR 1
| #define EGD_SOCKET "/var/run/egd-pool"
| #define WITH_RDPSND 1
| #define RDPSND_OSS 1
| #define RDPSND_ALSA 1
| #define HAVE_DIRENT_H 1
| #define HAVE_DIRFD 1
| #define HAVE_DECL_DIRFD 1
| #define HAVE_ICONV_H 1
| #define HAVE_ICONV 1
| #define ICONV_CONST 
| #define HAVE_SYS_VFS_H 1
| #define HAVE_SYS_STATVFS_H 1
| #define HAVE_SYS_STATFS_H 1
| #define HAVE_SYS_PARAM_H 1
| #define HAVE_SYS_MOUNT_H 1
| #define STAT_STATVFS 1
| /* end confdefs.h.  */
| #include <stdio.h>
| #ifdef HAVE_SYS_TYPES_H
| # include <sys/types.h>
| #endif
| #ifdef HAVE_SYS_STAT_H
| # include <sys/stat.h>
| #endif
| #ifdef STDC_HEADERS
| # include <stdlib.h>
| # include <stddef.h>
| #else
| # ifdef HAVE_STDLIB_H
| #  include <stdlib.h>
| # endif
| #endif
| #ifdef HAVE_STRING_H
| # if !defined STDC_HEADERS && defined HAVE_MEMORY_H
| #  include <memory.h>
| # endif
| # include <string.h>
| #endif
| #ifdef HAVE_STRINGS_H
| # include <strings.h>
| #endif
| #ifdef HAVE_INTTYPES_H
| # include <inttypes.h>
| #endif
| #ifdef HAVE_STDINT_H
| # include <stdint.h>
| #endif
| #ifdef HAVE_UNISTD_H
| # include <unistd.h>
| #endif
| #if HAVE_SYS_STATVFS_H
| # include <sys/statvfs.h>
| #endif
| #if HAVE_SYS_VFS_H
| # include <sys/vfs.h>
| #endif
| #if !HAVE_SYS_STATVFS_H && !HAVE_SYS_VFS_H
| # if HAVE_SYS_MOUNT_H && HAVE_SYS_PARAM_H
| /* NetBSD 1.5.2 needs these, for the declaration of struct statfs. */
| #  include <sys/param.h>
| #  include <sys/mount.h>
| # elif HAVE_NETINET_IN_H && HAVE_NFS_NFS_CLNT_H && HAVE_NFS_VFS_H
| /* Ultrix 4.4 needs these for the declaration of struct statfs.  */
| #  include <netinet/in.h>
| #  include <nfs/nfs_clnt.h>
| #  include <nfs/vfs.h>
| # endif
| #endif
| 
| 
| int
| main ()
| {
| static struct statfs ac_aggr;
| if (sizeof ac_aggr.f_namemax)
| return 0;
|   ;
|   return 0;
| }
configure:6890: result: no
configure:6901: checking for struct statvfs.f_namemax
configure:6901: gcc -c -g -O2 -Wall -I/usr/include    -I/usr/include/alsa    conftest.c >&5
configure:6901: $? = 0
configure:6901: result: yes
configure:6912: checking for struct statfs.f_namelen
configure:6912: gcc -c -g -O2 -Wall -I/usr/include    -I/usr/include/alsa    conftest.c >&5
configure:6912: $? = 0
configure:6912: result: yes
configure:6923: checking for struct statvfs.f_namelen
configure:6923: gcc -c -g -O2 -Wall -I/usr/include    -I/usr/include/alsa    conftest.c >&5
conftest.c: In function 'main':
conftest.c:101: error: 'struct statvfs' has no member named 'f_namelen'
configure:6923: $? = 1
configure: failed program was:
| /* confdefs.h */
| #define PACKAGE_NAME "rdesktop"
| #define PACKAGE_TARNAME "rdesktop"
| #define PACKAGE_VERSION "1.7.1"
| #define PACKAGE_STRING "rdesktop 1.7.1"
| #define PACKAGE_BUGREPORT ""
| #define PACKAGE_URL ""
| #define STDC_HEADERS 1
| #define HAVE_SYS_TYPES_H 1
| #define HAVE_SYS_STAT_H 1
| #define HAVE_STDLIB_H 1
| #define HAVE_STRING_H 1
| #define HAVE_MEMORY_H 1
| #define HAVE_STRINGS_H 1
| #define HAVE_INTTYPES_H 1
| #define HAVE_STDINT_H 1
| #define HAVE_UNISTD_H 1
| #define L_ENDIAN 1
| #define HAVE_SYS_SELECT_H 1
| #define HAVE_LOCALE_H 1
| #define HAVE_LANGINFO_H 1
| #define HAVE_SYSEXITS_H 1
| #define ssldir "/usr"
| #define HAVE_XRANDR 1
| #define EGD_SOCKET "/var/run/egd-pool"
| #define WITH_RDPSND 1
| #define RDPSND_OSS 1
| #define RDPSND_ALSA 1
| #define HAVE_DIRENT_H 1
| #define HAVE_DIRFD 1
| #define HAVE_DECL_DIRFD 1
| #define HAVE_ICONV_H 1
| #define HAVE_ICONV 1
| #define ICONV_CONST 
| #define HAVE_SYS_VFS_H 1
| #define HAVE_SYS_STATVFS_H 1
| #define HAVE_SYS_STATFS_H 1
| #define HAVE_SYS_PARAM_H 1
| #define HAVE_SYS_MOUNT_H 1
| #define STAT_STATVFS 1
| #define HAVE_STRUCT_STATVFS_F_NAMEMAX 1
| #define HAVE_STRUCT_STATFS_F_NAMELEN 1
| /* end confdefs.h.  */
| #include <stdio.h>
| #ifdef HAVE_SYS_TYPES_H
| # include <sys/types.h>
| #endif
| #ifdef HAVE_SYS_STAT_H
| # include <sys/stat.h>
| #endif
| #ifdef STDC_HEADERS
| # include <stdlib.h>
| # include <stddef.h>
| #else
| # ifdef HAVE_STDLIB_H
| #  include <stdlib.h>
| # endif
| #endif
| #ifdef HAVE_STRING_H
| # if !defined STDC_HEADERS && defined HAVE_MEMORY_H
| #  include <memory.h>
| # endif
| # include <string.h>
| #endif
| #ifdef HAVE_STRINGS_H
| # include <strings.h>
| #endif
| #ifdef HAVE_INTTYPES_H
| # include <inttypes.h>
| #endif
| #ifdef HAVE_STDINT_H
| # include <stdint.h>
| #endif
| #ifdef HAVE_UNISTD_H
| # include <unistd.h>
| #endif
| #if HAVE_SYS_STATVFS_H
| # include <sys/statvfs.h>
| #endif
| #if HAVE_SYS_VFS_H
| # include <sys/vfs.h>
| #endif
| #if !HAVE_SYS_STATVFS_H && !HAVE_SYS_VFS_H
| # if HAVE_SYS_MOUNT_H && HAVE_SYS_PARAM_H
| /* NetBSD 1.5.2 needs these, for the declaration of struct statfs. */
| #  include <sys/param.h>
| #  include <sys/mount.h>
| # elif HAVE_NETINET_IN_H && HAVE_NFS_NFS_CLNT_H && HAVE_NFS_VFS_H
| /* Ultrix 4.4 needs these for the declaration of struct statfs.  */
| #  include <netinet/in.h>
| #  include <nfs/nfs_clnt.h>
| #  include <nfs/vfs.h>
| # endif
| #endif
| 
| 
| int
| main ()
| {
| static struct statvfs ac_aggr;
| if (ac_aggr.f_namelen)
| return 0;
|   ;
|   return 0;
| }
configure:6923: gcc -c -g -O2 -Wall -I/usr/include    -I/usr/include/alsa    conftest.c >&5
conftest.c: In function 'main':
conftest.c:101: error: 'struct statvfs' has no member named 'f_namelen'
configure:6923: $? = 1
configure: failed program was:
| /* confdefs.h */
| #define PACKAGE_NAME "rdesktop"
| #define PACKAGE_TARNAME "rdesktop"
| #define PACKAGE_VERSION "1.7.1"
| #define PACKAGE_STRING "rdesktop 1.7.1"
| #define PACKAGE_BUGREPORT ""
| #define PACKAGE_URL ""
| #define STDC_HEADERS 1
| #define HAVE_SYS_TYPES_H 1
| #define HAVE_SYS_STAT_H 1
| #define HAVE_STDLIB_H 1
| #define HAVE_STRING_H 1
| #define HAVE_MEMORY_H 1
| #define HAVE_STRINGS_H 1
| #define HAVE_INTTYPES_H 1
| #define HAVE_STDINT_H 1
| #define HAVE_UNISTD_H 1
| #define L_ENDIAN 1
| #define HAVE_SYS_SELECT_H 1
| #define HAVE_LOCALE_H 1
| #define HAVE_LANGINFO_H 1
| #define HAVE_SYSEXITS_H 1
| #define ssldir "/usr"
| #define HAVE_XRANDR 1
| #define EGD_SOCKET "/var/run/egd-pool"
| #define WITH_RDPSND 1
| #define RDPSND_OSS 1
| #define RDPSND_ALSA 1
| #define HAVE_DIRENT_H 1
| #define HAVE_DIRFD 1
| #define HAVE_DECL_DIRFD 1
| #define HAVE_ICONV_H 1
| #define HAVE_ICONV 1
| #define ICONV_CONST 
| #define HAVE_SYS_VFS_H 1
| #define HAVE_SYS_STATVFS_H 1
| #define HAVE_SYS_STATFS_H 1
| #define HAVE_SYS_PARAM_H 1
| #define HAVE_SYS_MOUNT_H 1
| #define STAT_STATVFS 1
| #define HAVE_STRUCT_STATVFS_F_NAMEMAX 1
| #define HAVE_STRUCT_STATFS_F_NAMELEN 1
| /* end confdefs.h.  */
| #include <stdio.h>
| #ifdef HAVE_SYS_TYPES_H
| # include <sys/types.h>
| #endif
| #ifdef HAVE_SYS_STAT_H
| # include <sys/stat.h>
| #endif
| #ifdef STDC_HEADERS
| # include <stdlib.h>
| # include <stddef.h>
| #else
| # ifdef HAVE_STDLIB_H
| #  include <stdlib.h>
| # endif
| #endif
| #ifdef HAVE_STRING_H
| # if !defined STDC_HEADERS && defined HAVE_MEMORY_H
| #  include <memory.h>
| # endif
| # include <string.h>
| #endif
| #ifdef HAVE_STRINGS_H
| # include <strings.h>
| #endif
| #ifdef HAVE_INTTYPES_H
| # include <inttypes.h>
| #endif
| #ifdef HAVE_STDINT_H
| # include <stdint.h>
| #endif
| #ifdef HAVE_UNISTD_H
| # include <unistd.h>
| #endif
| #if HAVE_SYS_STATVFS_H
| # include <sys/statvfs.h>
| #endif
| #if HAVE_SYS_VFS_H
| # include <sys/vfs.h>
| #endif
| #if !HAVE_SYS_STATVFS_H && !HAVE_SYS_VFS_H
| # if HAVE_SYS_MOUNT_H && HAVE_SYS_PARAM_H
| /* NetBSD 1.5.2 needs these, for the declaration of struct statfs. */
| #  include <sys/param.h>
| #  include <sys/mount.h>
| # elif HAVE_NETINET_IN_H && HAVE_NFS_NFS_CLNT_H && HAVE_NFS_VFS_H
| /* Ultrix 4.4 needs these for the declaration of struct statfs.  */
| #  include <netinet/in.h>
| #  include <nfs/nfs_clnt.h>
| #  include <nfs/vfs.h>
| # endif
| #endif
| 
| 
| int
| main ()
| {
| static struct statvfs ac_aggr;
| if (sizeof ac_aggr.f_namelen)
| return 0;
|   ;
|   return 0;
| }
configure:6923: result: no
configure:6945: checking for special C compiler options needed for large files
configure:6990: result: no
configure:6996: checking for _FILE_OFFSET_BITS value needed for large files
configure:7021: gcc -c -g -O2 -Wall -I/usr/include    -I/usr/include/alsa    conftest.c >&5
configure:7021: $? = 0
configure:7053: result: no
configure:7140: checking mntent.h usability
configure:7140: gcc -c -g -O2 -Wall -I/usr/include    -I/usr/include/alsa    conftest.c >&5
configure:7140: $? = 0
configure:7140: result: yes
configure:7140: checking mntent.h presence
configure:7140: gcc -E  conftest.c
configure:7140: $? = 0
configure:7140: result: yes
configure:7140: checking for mntent.h
configure:7140: result: yes
configure:7149: checking for setmntent
configure:7149: gcc -o conftest -g -O2 -Wall -I/usr/include    -I/usr/include/alsa     conftest.c -L/usr/lib -L/usr/lib64 -lcrypto  -lXrandr    -lasound    >&5
configure:7149: $? = 0
configure:7149: result: yes
configure:7440: creating ./config.status

## ---------------------- ##
## Running config.status. ##
## ---------------------- ##

This file was extended by rdesktop config.status 1.7.1, which was
generated by GNU Autoconf 2.66.  Invocation command line was

  CONFIG_FILES    = 
  CONFIG_HEADERS  = 
  CONFIG_LINKS    = 
  CONFIG_COMMANDS = 
  $ ./config.status 

on perth

config.status:769: creating Makefile

## ---------------- ##
## Cache variables. ##
## ---------------- ##

ac_cv_build=x86_64-redhat-linux-gnu
ac_cv_c_bigendian=no
ac_cv_c_compiler_gnu=yes
ac_cv_env_ALSA_CFLAGS_set=
ac_cv_env_ALSA_CFLAGS_value=
ac_cv_env_ALSA_LIBS_set=
ac_cv_env_ALSA_LIBS_value=
ac_cv_env_CC_set=
ac_cv_env_CC_value=
ac_cv_env_CFLAGS_set=
ac_cv_env_CFLAGS_value=
ac_cv_env_CPPFLAGS_set=
ac_cv_env_CPPFLAGS_value=
ac_cv_env_CPP_set=
ac_cv_env_CPP_value=
ac_cv_env_LDFLAGS_set=
ac_cv_env_LDFLAGS_value=
ac_cv_env_LIBAO_CFLAGS_set=
ac_cv_env_LIBAO_CFLAGS_value=
ac_cv_env_LIBAO_LIBS_set=
ac_cv_env_LIBAO_LIBS_value=
ac_cv_env_LIBSAMPLERATE_CFLAGS_set=
ac_cv_env_LIBSAMPLERATE_CFLAGS_value=
ac_cv_env_LIBSAMPLERATE_LIBS_set=
ac_cv_env_LIBSAMPLERATE_LIBS_value=
ac_cv_env_LIBS_set=
ac_cv_env_LIBS_value=
ac_cv_env_PCSCLITE_CFLAGS_set=
ac_cv_env_PCSCLITE_CFLAGS_value=
ac_cv_env_PCSCLITE_LIBS_set=
ac_cv_env_PCSCLITE_LIBS_value=
ac_cv_env_PKG_CONFIG_LIBDIR_set=
ac_cv_env_PKG_CONFIG_LIBDIR_value=
ac_cv_env_PKG_CONFIG_PATH_set=
ac_cv_env_PKG_CONFIG_PATH_value=
ac_cv_env_PKG_CONFIG_set=
ac_cv_env_PKG_CONFIG_value=
ac_cv_env_XMKMF_set=
ac_cv_env_XMKMF_value=
ac_cv_env_XRANDR_CFLAGS_set=
ac_cv_env_XRANDR_CFLAGS_value=
ac_cv_env_XRANDR_LIBS_set=
ac_cv_env_XRANDR_LIBS_value=
ac_cv_env_build_alias_set=
ac_cv_env_build_alias_value=
ac_cv_env_host_alias_set=
ac_cv_env_host_alias_value=
ac_cv_env_target_alias_set=
ac_cv_env_target_alias_value=
ac_cv_func_connect=yes
ac_cv_func_dirfd=yes
ac_cv_func_gethostbyname=yes
ac_cv_func_remove=yes
ac_cv_func_setmntent=yes
ac_cv_func_shmat=yes
ac_cv_have_decl_dirfd=yes
ac_cv_have_x='have_x=yes	ac_x_includes='\'''\''	ac_x_libraries='\'''\'''
ac_cv_header_dirent_dirent_h=yes
ac_cv_header_dmedia_audio_h=no
ac_cv_header_iconv_h=yes
ac_cv_header_inttypes_h=yes
ac_cv_header_langinfo_h=yes
ac_cv_header_locale_h=yes
ac_cv_header_memory_h=yes
ac_cv_header_mntent_h=yes
ac_cv_header_stdc=yes
ac_cv_header_stdint_h=yes
ac_cv_header_stdlib_h=yes
ac_cv_header_string_h=yes
ac_cv_header_strings_h=yes
ac_cv_header_sys_audioio_h=no
ac_cv_header_sys_filio_h=no
ac_cv_header_sys_modem_h=no
ac_cv_header_sys_mount_h=yes
ac_cv_header_sys_param_h=yes
ac_cv_header_sys_select_h=yes
ac_cv_header_sys_soundcard_h=yes
ac_cv_header_sys_stat_h=yes
ac_cv_header_sys_statfs_h=yes
ac_cv_header_sys_statvfs_h=yes
ac_cv_header_sys_strtio_h=no
ac_cv_header_sys_types_h=yes
ac_cv_header_sys_vfs_h=yes
ac_cv_header_sysexits_h=yes
ac_cv_header_unistd_h=yes
ac_cv_host=x86_64-redhat-linux-gnu
ac_cv_lib_ICE_IceConnectionNumber=yes
ac_cv_member_struct_statfs_f_namelen=yes
ac_cv_member_struct_statfs_f_namemax=no
ac_cv_member_struct_statvfs_f_namelen=no
ac_cv_member_struct_statvfs_f_namemax=yes
ac_cv_objext=o
ac_cv_path_EGREP='/bin/grep -E'
ac_cv_path_GREP=/bin/grep
ac_cv_path_ac_pt_PKG_CONFIG=/usr/bin/pkg-config
ac_cv_path_install='/usr/bin/install -c'
ac_cv_prog_CPP='gcc -E'
ac_cv_prog_ac_ct_CC=gcc
ac_cv_prog_ac_ct_STRIP=strip
ac_cv_prog_cc_c89=
ac_cv_prog_cc_g=yes
ac_cv_search_inet_aton='none required'
ac_cv_search_opendir='none required'
ac_cv_search_socket='none required'
ac_cv_sys_file_offset_bits=no
ac_cv_sys_largefile_CC=no
ac_cv_type_socklen_t=yes
am_cv_func_iconv=yes
am_cv_lib_iconv=no
am_cv_proto_iconv='extern size_t iconv (iconv_t cd, char * *inbuf, size_t *inbytesleft, char * *outbuf, size_t *outbytesleft);'
am_cv_proto_iconv_arg1=
fu_cv_sys_stat_statvfs64=no
fu_cv_sys_stat_statvfs=yes
jm_cv_func_dirfd_macro=no
pkg_cv_ALSA_CFLAGS='-I/usr/include/alsa  '
pkg_cv_ALSA_LIBS='-lasound  '
pkg_cv_XRANDR_CFLAGS=' '
pkg_cv_XRANDR_LIBS='-lXrandr  '

## ----------------- ##
## Output variables. ##
## ----------------- ##

ALSA_CFLAGS='-I/usr/include/alsa  '
ALSA_LIBS='-lasound  '
CC='gcc'
CFLAGS='-g -O2 -Wall -I/usr/include    -I/usr/include/alsa  '
CPP='gcc -E'
CPPFLAGS=''
DEFS='-DPACKAGE_NAME=\"rdesktop\" -DPACKAGE_TARNAME=\"rdesktop\" -DPACKAGE_VERSION=\"1.7.1\" -DPACKAGE_STRING=\"rdesktop\ 1.7.1\" -DPACKAGE_BUGREPORT=\"\" -DPACKAGE_URL=\"\" -DSTDC_HEADERS=1 -DHAVE_SYS_TYPES_H=1 -DHAVE_SYS_STAT_H=1 -DHAVE_STDLIB_H=1 -DHAVE_STRING_H=1 -DHAVE_MEMORY_H=1 -DHAVE_STRINGS_H=1 -DHAVE_INTTYPES_H=1 -DHAVE_STDINT_H=1 -DHAVE_UNISTD_H=1 -DL_ENDIAN=1 -DHAVE_SYS_SELECT_H=1 -DHAVE_LOCALE_H=1 -DHAVE_LANGINFO_H=1 -DHAVE_SYSEXITS_H=1 -Dssldir=\"/usr\" -DHAVE_XRANDR=1 -DEGD_SOCKET=\"/var/run/egd-pool\" -DWITH_RDPSND=1 -DRDPSND_OSS=1 -DRDPSND_ALSA=1 -DHAVE_DIRENT_H=1 -DHAVE_DIRFD=1 -DHAVE_DECL_DIRFD=1 -DHAVE_ICONV_H=1 -DHAVE_ICONV=1 -DICONV_CONST= -DHAVE_SYS_VFS_H=1 -DHAVE_SYS_STATVFS_H=1 -DHAVE_SYS_STATFS_H=1 -DHAVE_SYS_PARAM_H=1 -DHAVE_SYS_MOUNT_H=1 -DSTAT_STATVFS=1 -DHAVE_STRUCT_STATVFS_F_NAMEMAX=1 -DHAVE_STRUCT_STATFS_F_NAMELEN=1 -DHAVE_MNTENT_H=1 -DHAVE_SETMNTENT=1'
ECHO_C=''
ECHO_N='-n'
ECHO_T=''
EGREP='/bin/grep -E'
EXEEXT=''
GREP='/bin/grep'
INSTALL_DATA='${INSTALL} -m 644'
INSTALL_PROGRAM='${INSTALL}'
INSTALL_SCRIPT='${INSTALL}'
LDFLAGS=''
LDVNC=''
LIBAO_CFLAGS=''
LIBAO_LIBS=''
LIBICONV=''
LIBOBJS=''
LIBS='-L/usr/lib -L/usr/lib64 -lcrypto  -lXrandr    -lasound   '
LIBSAMPLERATE_CFLAGS=''
LIBSAMPLERATE_LIBS=''
LTLIBOBJS=''
OBJEXT='o'
PACKAGE_BUGREPORT=''
PACKAGE_NAME='rdesktop'
PACKAGE_STRING='rdesktop 1.7.1'
PACKAGE_TARNAME='rdesktop'
PACKAGE_URL=''
PACKAGE_VERSION='1.7.1'
PATH_SEPARATOR=':'
PCSCLITE_CFLAGS=''
PCSCLITE_LIBS=''
PKG_CONFIG='/usr/bin/pkg-config'
PKG_CONFIG_LIBDIR=''
PKG_CONFIG_PATH=''
RDP2VNCTARGET=''
SCARDOBJ=''
SHELL='/bin/sh'
SOUNDOBJ=' rdpsnd.o rdpsnd_dsp.o rdpsnd_oss.o rdpsnd_alsa.o'
STRIP='strip'
VNCINC=''
VNCLINK=''
XMKMF=''
XRANDR_CFLAGS=' '
XRANDR_LIBS='-lXrandr  '
X_CFLAGS=''
X_EXTRA_LIBS=''
X_LIBS=''
X_PRE_LIBS=' -lSM -lICE'
ac_ct_CC='gcc'
bindir='${exec_prefix}/bin'
build='x86_64-redhat-linux-gnu'
build_alias=''
build_cpu='x86_64'
build_os='linux-gnu'
build_vendor='redhat'
datadir='${datarootdir}'
datarootdir='${prefix}/share'
docdir='${datarootdir}/doc/${PACKAGE_TARNAME}'
dvidir='${docdir}'
exec_prefix='${prefix}'
host='x86_64-redhat-linux-gnu'
host_alias=''
host_cpu='x86_64'
host_os='linux-gnu'
host_vendor='redhat'
htmldir='${docdir}'
includedir='${prefix}/include'
infodir='${datarootdir}/info'
libdir='${exec_prefix}/lib'
libexecdir='${exec_prefix}/libexec'
localedir='${datarootdir}/locale'
localstatedir='${prefix}/var'
mandir='${datarootdir}/man'
oldincludedir='/usr/include'
pdfdir='${docdir}'
prefix='/home/zhongbin/programs/rdesktop-test'
program_transform_name='s,x,x,'
psdir='${docdir}'
sbindir='${exec_prefix}/sbin'
sharedstatedir='${prefix}/com'
ssldir='/usr'
sysconfdir='${prefix}/etc'
target_alias=''

## ----------- ##
## confdefs.h. ##
## ----------- ##

/* confdefs.h */
#define PACKAGE_NAME "rdesktop"
#define PACKAGE_TARNAME "rdesktop"
#define PACKAGE_VERSION "1.7.1"
#define PACKAGE_STRING "rdesktop 1.7.1"
#define PACKAGE_BUGREPORT ""
#define PACKAGE_URL ""
#define STDC_HEADERS 1
#define HAVE_SYS_TYPES_H 1
#define HAVE_SYS_STAT_H 1
#define HAVE_STDLIB_H 1
#define HAVE_STRING_H 1
#define HAVE_MEMORY_H 1
#define HAVE_STRINGS_H 1
#define HAVE_INTTYPES_H 1
#define HAVE_STDINT_H 1
#define HAVE_UNISTD_H 1
#define L_ENDIAN 1
#define HAVE_SYS_SELECT_H 1
#define HAVE_LOCALE_H 1
#define HAVE_LANGINFO_H 1
#define HAVE_SYSEXITS_H 1
#define ssldir "/usr"
#define HAVE_XRANDR 1
#define EGD_SOCKET "/var/run/egd-pool"
#define WITH_RDPSND 1
#define RDPSND_OSS 1
#define RDPSND_ALSA 1
#define HAVE_DIRENT_H 1
#define HAVE_DIRFD 1
#define HAVE_DECL_DIRFD 1
#define HAVE_ICONV_H 1
#define HAVE_ICONV 1
#define ICONV_CONST 
#define HAVE_SYS_VFS_H 1
#define HAVE_SYS_STATVFS_H 1
#define HAVE_SYS_STATFS_H 1
#define HAVE_SYS_PARAM_H 1
#define HAVE_SYS_MOUNT_H 1
#define STAT_STATVFS 1
#define HAVE_STRUCT_STATVFS_F_NAMEMAX 1
#define HAVE_STRUCT_STATFS_F_NAMELEN 1
#define HAVE_MNTENT_H 1
#define HAVE_SETMNTENT 1

configure: exit 0
